coherence: esi
cpu_count: 1
l1_size: 2
llc_writebacks: 2
memory_trace:
  0:
    addr: 9
    command: ST
    cpu_id: 0
    data_stored: 1
    memory:
      l1:
        0:
        - addr: 9
          data: 1
          dirty: true
          last_used: 0
          state: E
      llc:
      - addr: 9
        data: 0
  1:
    addr: 9
    command: LD
    cpu_id: 0
    data_returned: 1
    expected_data: 1
    memory:
      l1:
        0:
        - addr: 9
          data: 1
          dirty: true
          last_used: 1
          state: E
      llc:
      - addr: 9
        data: 0
  2:
    addr: 9
    command: LD
    cpu_id: 0
    data_returned: 1
    expected_data: 1
    memory:
      l1:
        0:
        - addr: 9
          data: 1
          dirty: true
          last_used: 2
          state: E
      llc:
      - addr: 9
        data: 0
  3:
    addr: 9
    command: LD
    cpu_id: 0
    data_returned: 1
    expected_data: 1
    memory:
      l1:
        0:
        - addr: 9
          data: 1
          dirty: true
          last_used: 3
          state: E
      llc:
      - addr: 9
        data: 0
  4:
    addr: 9
    command: LD
    cpu_id: 0
    data_returned: 1
    expected_data: 1
    memory:
      l1:
        0:
        - addr: 9
          data: 1
          dirty: true
          last_used: 4
          state: E
      llc:
      - addr: 9
        data: 0
  5:
    addr: 6
    command: ST
    cpu_id: 0
    data_stored: 1
    memory:
      l1:
        0:
        - addr: 9
          data: 1
          dirty: true
          last_used: 4
          state: E
        - addr: 6
          data: 1
          dirty: true
          last_used: 5
          state: E
      llc:
      - addr: 9
        data: 0
      - addr: 6
        data: 0
  6:
    addr: 9
    command: LD
    cpu_id: 0
    data_returned: 1
    expected_data: 1
    memory:
      l1:
        0:
        - addr: 9
          data: 1
          dirty: true
          last_used: 6
          state: E
        - addr: 6
          data: 1
          dirty: true
          last_used: 5
          state: E
      llc:
      - addr: 9
        data: 0
      - addr: 6
        data: 0
  7:
    addr: 2
    command: ST
    cpu_id: 0
    data_stored: 1
    memory:
      l1:
        0:
        - addr: 9
          data: 1
          dirty: true
          last_used: 6
          state: E
        - addr: 2
          data: 1
          dirty: true
          last_used: 7
          state: E
      llc:
      - addr: 9
        data: 0
      - addr: 6
        data: 1
      - addr: 2
        data: 0
  8:
    addr: 6
    command: LD
    cpu_id: 0
    data_returned: 1
    expected_data: 1
    memory:
      l1:
        0:
        - addr: 2
          data: 1
          dirty: true
          last_used: 7
          state: E
        - addr: 6
          data: 1
          dirty: false
          last_used: 8
          state: E
      llc:
      - addr: 9
        data: 1
      - addr: 6
        data: 1
      - addr: 2
        data: 0
  9:
    addr: 6
    command: LD
    cpu_id: 0
    data_returned: 1
    expected_data: 1
    memory:
      l1:
        0:
        - addr: 2
          data: 1
          dirty: true
          last_used: 7
          state: E
        - addr: 6
          data: 1
          dirty: false
          last_used: 9
          state: E
      llc:
      - addr: 9
        data: 1
      - addr: 6
        data: 1
      - addr: 2
        data: 0
